This file contains any messages produced by compilers while
running configure, to aid debugging if configure makes a mistake.

It was created by commonwordfinder configure 0.1, which was
generated by GNU Autoconf 2.69.  Invocation command line was

  $ ./configure --no-create --no-recursion

## --------- ##
## Platform. ##
## --------- ##

hostname = host-bcclassroom-x-64.dhcp.stevens-tech.edu
uname -m = x86_64
uname -r = 16.4.0
uname -s = Darwin
uname -v = Darwin Kernel Version 16.4.0: Thu Dec 22 22:53:21 PST 2016; root:xnu-3789.41.3~3/RELEASE_X86_64

/usr/bin/uname -p = i386
/bin/uname -X     = unknown

/bin/arch              = unknown
/usr/bin/arch -k       = unknown
/usr/convex/getsysinfo = unknown
/usr/bin/hostinfo      = Mach kernel version:
	 Darwin Kernel Version 16.4.0: Thu Dec 22 22:53:21 PST 2016; root:xnu-3789.41.3~3/RELEASE_X86_64
Kernel configured for up to 4 processors.
2 processors are physically available.
4 processors are logically available.
Processor type: i486 (Intel 80486)
Processors active: 0 1 2 3
Primary memory available: 16.00 gigabytes
Default processor set: 313 tasks, 1245 threads, 4 processors
Load average: 2.03, Mach factor: 1.96
/bin/machine           = unknown
/usr/bin/oslevel       = unknown
/bin/universe          = unknown

PATH: /Library/Frameworks/Python.framework/Versions/3.6/bin
PATH: /opt/local/bin
PATH: /opt/local/sbin
PATH: /usr/local/sbin
PATH: /Library/Frameworks/Python.framework/Versions/3.5/bin
PATH: /Library/Frameworks/Python.framework/Versions/3.4/bin
PATH: /Library/Frameworks/Python.framework/Versions/3.5/bin
PATH: /usr/local/bin
PATH: /usr/bin
PATH: /bin
PATH: /usr/sbin
PATH: /sbin
PATH: /Library/TeX/texbin


## ----------- ##
## Core tests. ##
## ----------- ##

configure:1835: checking for a BSD-compatible install
configure:1903: result: /usr/bin/install -c
configure:1914: checking whether build environment is sane
configure:1969: result: yes
configure:2120: checking for a thread-safe mkdir -p
configure:2159: result: ./install-sh -c -d
configure:2166: checking for gawk
configure:2196: result: no
configure:2166: checking for mawk
configure:2196: result: no
configure:2166: checking for nawk
configure:2196: result: no
configure:2166: checking for awk
configure:2182: found /usr/bin/awk
configure:2193: result: awk
configure:2204: checking whether make sets $(MAKE)
configure:2226: result: yes
configure:2255: checking whether make supports nested variables
configure:2272: result: yes
configure:2468: checking for g++
configure:2484: found /usr/local/bin/g++
configure:2495: result: g++
configure:2522: checking for C++ compiler version
configure:2531: g++ --version >&5
g++ (Homebrew GCC 5.4.0_1) 5.4.0
Copyright (C) 2015 Free Software Foundation, Inc.
This is free software; see the source for copying conditions.  There is NO
warranty; not even for MERCHANTABILITY or FITNESS FOR A PARTICULAR PURPOSE.

configure:2542: $? = 0
configure:2531: g++ -v >&5
Using built-in specs.
COLLECT_GCC=g++
COLLECT_LTO_WRAPPER=/usr/local/Cellar/gcc@5/5.4.0_1/libexec/gcc/x86_64-apple-darwin15.6.0/5.4.0/lto-wrapper
Target: x86_64-apple-darwin15.6.0
Configured with: ../configure --build=x86_64-apple-darwin15.6.0 --prefix=/usr/local/Cellar/gcc@5/5.4.0_1 --libdir=/usr/local/Cellar/gcc@5/5.4.0_1/lib/gcc/5 --enable-languages=c,c++,objc,obj-c++,fortran --program-suffix=-5 --with-gmp=/usr/local/opt/gmp --with-mpfr=/usr/local/opt/mpfr --with-mpc=/usr/local/opt/libmpc --with-isl=/usr/local/opt/isl@0.14 --with-system-zlib --enable-libstdcxx-time=yes --enable-stage1-checking --enable-checking=release --enable-lto --disable-werror --with-pkgversion='Homebrew GCC 5.4.0_1' --with-bugurl=https://github.com/Homebrew/homebrew-core/issues --enable-plugin --disable-nls --enable-multilib
Thread model: posix
gcc version 5.4.0 (Homebrew GCC 5.4.0_1) 
configure:2542: $? = 0
configure:2531: g++ -V >&5
g++: error: unrecognized command line option '-V'
g++: fatal error: no input files
compilation terminated.
configure:2542: $? = 1
configure:2531: g++ -qversion >&5
g++: error: unrecognized command line option '-qversion'
g++: fatal error: no input files
compilation terminated.
configure:2542: $? = 1
configure:2562: checking whether the C++ compiler works
configure:2584: g++    conftest.cpp  >&5
configure:2588: $? = 0
configure:2636: result: yes
configure:2639: checking for C++ compiler default output file name
configure:2641: result: a.out
configure:2647: checking for suffix of executables
configure:2654: g++ -o conftest    conftest.cpp  >&5
configure:2658: $? = 0
configure:2680: result: 
configure:2702: checking whether we are cross compiling
configure:2710: g++ -o conftest    conftest.cpp  >&5
configure:2714: $? = 0
configure:2721: ./conftest
configure:2725: $? = 0
configure:2740: result: no
configure:2745: checking for suffix of object files
configure:2767: g++ -c   conftest.cpp >&5
configure:2771: $? = 0
configure:2792: result: o
configure:2796: checking whether we are using the GNU C++ compiler
configure:2815: g++ -c   conftest.cpp >&5
configure:2815: $? = 0
configure:2824: result: yes
configure:2833: checking whether g++ accepts -g
configure:2853: g++ -c -g  conftest.cpp >&5
configure:2853: $? = 0
configure:2894: result: yes
configure:2928: checking for style of include used by make
configure:2956: result: GNU
configure:2982: checking dependency style of g++
configure:3093: result: gcc3
configure:3108: checking whether make sets $(MAKE)
configure:3130: result: yes
configure:3139: checking whether ln -s works
configure:3143: result: yes
configure:3262: checking that generated files are newer than configure
configure:3268: result: done
configure:3291: creating ./config.status

## ---------------- ##
## Cache variables. ##
## ---------------- ##

ac_cv_cxx_compiler_gnu=yes
ac_cv_env_CCC_set=
ac_cv_env_CCC_value=
ac_cv_env_CPPFLAGS_set=
ac_cv_env_CPPFLAGS_value=
ac_cv_env_CXXFLAGS_set=
ac_cv_env_CXXFLAGS_value=
ac_cv_env_CXX_set=
ac_cv_env_CXX_value=
ac_cv_env_LDFLAGS_set=
ac_cv_env_LDFLAGS_value=
ac_cv_env_LIBS_set=
ac_cv_env_LIBS_value=
ac_cv_env_build_alias_set=
ac_cv_env_build_alias_value=
ac_cv_env_host_alias_set=
ac_cv_env_host_alias_value=
ac_cv_env_target_alias_set=
ac_cv_env_target_alias_value=
ac_cv_objext=o
ac_cv_path_install='/usr/bin/install -c'
ac_cv_prog_AWK=awk
ac_cv_prog_ac_ct_CXX=g++
ac_cv_prog_cxx_g=yes
ac_cv_prog_make_make_set=yes
am_cv_CXX_dependencies_compiler_type=gcc3
am_cv_make_support_nested_variables=yes

## ----------------- ##
## Output variables. ##
## ----------------- ##

ACLOCAL='${SHELL} "/Users/jpavlik/Documents/CS 385/RBTCode/Word finder/missing" aclocal-1.15'
AMDEPBACKSLASH='\'
AMDEP_FALSE='#'
AMDEP_TRUE=''
AMTAR='$${TAR-tar}'
AM_BACKSLASH='\'
AM_DEFAULT_V='$(AM_DEFAULT_VERBOSITY)'
AM_DEFAULT_VERBOSITY='1'
AM_V='$(V)'
AUTOCONF='${SHELL} "/Users/jpavlik/Documents/CS 385/RBTCode/Word finder/missing" autoconf'
AUTOHEADER='${SHELL} "/Users/jpavlik/Documents/CS 385/RBTCode/Word finder/missing" autoheader'
AUTOMAKE='${SHELL} "/Users/jpavlik/Documents/CS 385/RBTCode/Word finder/missing" automake-1.15'
AWK='awk'
CPPFLAGS=''
CXX='g++'
CXXDEPMODE='depmode=gcc3'
CXXFLAGS='-g -O2'
CYGPATH_W='echo'
DEFS='-DHAVE_CONFIG_H'
DEPDIR='.deps'
ECHO_C='\c'
ECHO_N=''
ECHO_T=''
EXEEXT=''
INSTALL_DATA='${INSTALL} -m 644'
INSTALL_PROGRAM='${INSTALL}'
INSTALL_SCRIPT='${INSTALL}'
INSTALL_STRIP_PROGRAM='$(install_sh) -c -s'
LDFLAGS=''
LIBOBJS=''
LIBS=''
LN_S='ln -s'
LTLIBOBJS=''
MAKEINFO='${SHELL} "/Users/jpavlik/Documents/CS 385/RBTCode/Word finder/missing" makeinfo'
MKDIR_P='./install-sh -c -d'
OBJEXT='o'
PACKAGE='commonwordfinder'
PACKAGE_BUGREPORT='jpavlik@stevens.edu'
PACKAGE_NAME='commonwordfinder'
PACKAGE_STRING='commonwordfinder 0.1'
PACKAGE_TARNAME='commonwordfinder'
PACKAGE_URL=''
PACKAGE_VERSION='0.1'
PATH_SEPARATOR=':'
SET_MAKE=''
SHELL='/bin/sh'
STRIP=''
VERSION='0.1'
ac_ct_CXX='g++'
am__EXEEXT_FALSE=''
am__EXEEXT_TRUE='#'
am__fastdepCXX_FALSE='#'
am__fastdepCXX_TRUE=''
am__include='include'
am__isrc=''
am__leading_dot='.'
am__nodep='_no'
am__quote=''
am__tar='$${TAR-tar} chof - "$$tardir"'
am__untar='$${TAR-tar} xf -'
bindir='${exec_prefix}/bin'
build_alias=''
datadir='${datarootdir}'
datarootdir='${prefix}/share'
docdir='${datarootdir}/doc/${PACKAGE_TARNAME}'
dvidir='${docdir}'
exec_prefix='${prefix}'
host_alias=''
htmldir='${docdir}'
includedir='${prefix}/include'
infodir='${datarootdir}/info'
install_sh='${SHELL} '\''/Users/jpavlik/Documents/CS 385/RBTCode/Word finder/install-sh'\'''
libdir='${exec_prefix}/lib'
libexecdir='${exec_prefix}/libexec'
localedir='${datarootdir}/locale'
localstatedir='${prefix}/var'
mandir='${datarootdir}/man'
mkdir_p='$(MKDIR_P)'
oldincludedir='/usr/include'
pdfdir='${docdir}'
prefix='/usr/local'
program_transform_name='s,x,x,'
psdir='${docdir}'
sbindir='${exec_prefix}/sbin'
sharedstatedir='${prefix}/com'
sysconfdir='${prefix}/etc'
target_alias=''

## ----------- ##
## confdefs.h. ##
## ----------- ##

/* confdefs.h */
#define PACKAGE_NAME "commonwordfinder"
#define PACKAGE_TARNAME "commonwordfinder"
#define PACKAGE_VERSION "0.1"
#define PACKAGE_STRING "commonwordfinder 0.1"
#define PACKAGE_BUGREPORT "jpavlik@stevens.edu"
#define PACKAGE_URL ""
#define PACKAGE "commonwordfinder"
#define VERSION "0.1"

configure: exit 0

## ---------------------- ##
## Running config.status. ##
## ---------------------- ##

This file was extended by commonwordfinder config.status 0.1, which was
generated by GNU Autoconf 2.69.  Invocation command line was

  CONFIG_FILES    = 
  CONFIG_HEADERS  = 
  CONFIG_LINKS    = 
  CONFIG_COMMANDS = 
  $ ./config.status 

on host-bcclassroom-x-64.dhcp.stevens-tech.edu

config.status:840: creating Makefile
config.status:840: creating config.h
config.status:1021: config.h is unchanged
config.status:1069: executing depfiles commands

## ---------------------- ##
## Running config.status. ##
## ---------------------- ##

This file was extended by commonwordfinder config.status 0.1, which was
generated by GNU Autoconf 2.69.  Invocation command line was

  CONFIG_FILES    = 
  CONFIG_HEADERS  = 
  CONFIG_LINKS    = 
  CONFIG_COMMANDS = 
  $ ./config.status Makefile depfiles

on host-bcclassroom-x-64.dhcp.stevens-tech.edu

config.status:840: creating Makefile
config.status:1069: executing depfiles commands
